<?xml version="1.0" encoding="UTF-8"?>
<!-- Generated by org.testng.reporters.JUnitReportReporter -->
<testsuite skipped="0" hostname="DESKTOP-VG7FOF4" name="com.pom_with_pageFactory.Scripts.LoginTest" tests="1" failures="0" timestamp="2023-03-16T11:28:37 IST" time="13.211" errors="0">
  <testcase name="login" time="13.211" classname="com.pom_with_pageFactory.Scripts.LoginTest"/>
  <system-out/>
</testsuite> <!-- com.pom_with_pageFactory.Scripts.LoginTest -->
